18:09:26.488 [main] INFO  api.test.UserTest - ************** Create User ***************
18:09:28.258 [main] INFO  api.test.UserTest - ************** User Created ***************
18:09:28.277 [main] INFO  api.test.UserTest - ************** Read User ***************
18:09:28.383 [main] INFO  api.test.UserTest - ************** Read Success ***************
18:09:28.386 [main] INFO  api.test.UserTest - ************** Update User ***************
18:09:28.577 [main] INFO  api.test.UserTest - ************** User Updated ***************
18:09:28.585 [main] INFO  api.test.UserTest - ************** Delete User ***************
18:09:28.658 [main] INFO  api.test.UserTest - ************** User Deleted ***************
18:14:31.307 [main] INFO  api.test.UserTest - ************** Create User ***************
18:14:31.476 [main] INFO  api.test.UserTest - ************** User Created ***************
18:14:31.479 [main] INFO  api.test.UserTest - ************** Read User ***************
18:14:31.572 [main] INFO  api.test.UserTest - ************** Read Success ***************
18:14:31.573 [main] INFO  api.test.UserTest - ************** Update User ***************
18:14:32.078 [main] INFO  api.test.UserTest - ************** User Updated ***************
18:14:32.080 [main] INFO  api.test.UserTest - ************** Delete User ***************
18:14:32.203 [main] INFO  api.test.UserTest - ************** User Deleted ***************
18:15:52.668 [main] INFO  api.test.UserTest - ************** Create User ***************
18:15:52.914 [main] INFO  api.test.UserTest - ************** User Created ***************
18:15:52.916 [main] INFO  api.test.UserTest - ************** Read User ***************
18:15:53.008 [main] INFO  api.test.UserTest - ************** Read Success ***************
18:15:53.009 [main] INFO  api.test.UserTest - ************** Update User ***************
18:15:53.162 [main] INFO  api.test.UserTest - ************** User Updated ***************
18:15:53.164 [main] INFO  api.test.UserTest - ************** Delete User ***************
18:15:53.238 [main] INFO  api.test.UserTest - ************** User Deleted ***************
